<?xml version="1.0" encoding="UTF-8"?>
<!-- Generated by org.testng.reporters.JUnitReportReporter -->
<testsuite hostname="ITEM-s60758" name="com.shilpi.springmvc.controller.AppControllerTest" tests="10" failures="0" timestamp="5 Aug 2019 09:45:43 GMT" time="0.097" errors="0">
  <testcase name="saveEmployeeWithSuccess" time="0.002" classname="com.shilpi.springmvc.controller.AppControllerTest"/>
  <testcase name="saveEmployeeWithValidationError" time="0.001" classname="com.shilpi.springmvc.controller.AppControllerTest"/>
  <testcase name="deleteEmployee" time="0.025" classname="com.shilpi.springmvc.controller.AppControllerTest"/>
  <testcase name="saveEmployeeWithValidationErrorNonUniqueSSN" time="0.003" classname="com.shilpi.springmvc.controller.AppControllerTest"/>
  <testcase name="listEmployees" time="0.016" classname="com.shilpi.springmvc.controller.AppControllerTest"/>
  <testcase name="newEmployee" time="0.000" classname="com.shilpi.springmvc.controller.AppControllerTest"/>
  <testcase name="updateEmployeeWithValidationErrorNonUniqueSSN" time="0.001" classname="com.shilpi.springmvc.controller.AppControllerTest"/>
  <testcase name="editEmployee" time="0.048" classname="com.shilpi.springmvc.controller.AppControllerTest"/>
  <testcase name="updateEmployeeWithValidationError" time="0.000" classname="com.shilpi.springmvc.controller.AppControllerTest"/>
  <testcase name="updateEmployeeWithSuccess" time="0.001" classname="com.shilpi.springmvc.controller.AppControllerTest"/>
</testsuite> <!-- com.shilpi.springmvc.controller.AppControllerTest -->
